#
# A fatal error has been detected by the Java Runtime Environment:
#
#  Internal Error (generateOopMap.cpp:2170), pid=24404, tid=31724
#  fatal error: Illegal class file encountered. Try running with -Xverify:all in method saveOrderTestPositive
#
# JRE version: OpenJDK Runtime Environment Corretto-11.0.19.7.1 (11.0.19+7) (build 11.0.19+7-LTS)
# Java VM: OpenJDK 64-Bit Server VM Corretto-11.0.19.7.1 (11.0.19+7-LTS, mixed mode, tiered, compressed oops, g1 gc, windows-amd64)
# No core dump will be written. Minidumps are not enabled by default on client versions of Windows
#
# If you would like to submit a bug report, please visit:
#   https://github.com/corretto/corretto-11/issues/
#

---------------  S U M M A R Y ------------

Command Line: -agentlib:jdwp=transport=dt_socket,suspend=y,address=localhost:33974 -ea -javaagent:C:\Users\pokha\eclipse\java-2023-09\eclipse\configuration\org.eclipse.osgi\252\0\.cp\lib\javaagent-shaded.jar -Dfile.encoding=UTF-8 -Dstdout.encoding=UTF-8 -Dstderr.encoding=UTF-8 org.eclipse.jdt.internal.junit.runner.RemoteTestRunner -version 3 -port 33973 -testLoaderClass org.eclipse.jdt.internal.junit5.runner.JUnit5TestLoader -loaderpluginname org.eclipse.jdt.junit5.runtime -test com.springboot.ordermanagement.service.OrderServiceTest:saveOrderTestPositive

Host: AMD Ryzen 7 5800HS with Radeon Graphics         , 16 cores, 15G,  Windows 11 , 64 bit Build 22621 (10.0.22621.2428)
Time: Sun Nov  5 15:22:49 2023 Eastern Standard Time elapsed time: 2739.085904 seconds (0d 0h 45m 39s)

---------------  T H R E A D  ---------------

Current thread (0x00000181ed95e800):  VMThread "VM Thread" [stack: 0x0000003111000000,0x0000003111100000] [id=31724]

Stack: [0x0000003111000000,0x0000003111100000]
[error occurred during error reporting (printing stack bounds), id 0xc0000005, EXCEPTION_ACCESS_VIOLATION (0xc0000005) at pc=0x00000181d1d0112d]

Native frames: (J=compiled Java code, j=interpreted, Vv=VM code, C=native code)
V  [jvm.dll+0x6235aa]
V  [jvm.dll+0x7b0f89]
V  [jvm.dll+0x7b2678]
V  [jvm.dll+0x7b2cb5]
V  [jvm.dll+0x7b2c6b]
V  [jvm.dll+0x622937]
V  [jvm.dll+0x623048]
C  [ntdll.dll+0xa449f]
C  [ntdll.dll+0x1e456]
C  [ntdll.dll+0xa348e]
C  0x00000181d1d0112d

VM_Operation (0x0000003111eff680): GetOrSetLocal, mode: safepoint, requested by thread 0x00000181ee6d0000


---------------  P R O C E S S  ---------------

Threads class SMR info:
_java_thread_list=0x00000181f22baba0, length=14, elements={
0x00000181c959c000, 0x00000181ee1e8800, 0x00000181ee216800, 0x00000181ee266800,
0x00000181ee267800, 0x00000181ee268800, 0x00000181ee271800, 0x00000181ee278000,
0x00000181ee282800, 0x00000181ee409800, 0x00000181ee6d0000, 0x00000181ee6d2800,
0x00000181ee550800, 0x00000181eec94800
}

Java Threads: ( => current thread )
  0x00000181c959c000 JavaThread "main" [_thread_blocked, id=26116, stack(0x0000003110a00000,0x0000003110b00000)]
  0x00000181ee1e8800 JavaThread "Reference Handler" daemon [_thread_blocked, id=22076, stack(0x0000003111100000,0x0000003111200000)]
  0x00000181ee216800 JavaThread "Finalizer" daemon [_thread_blocked, id=11692, stack(0x0000003111200000,0x0000003111300000)]
  0x00000181ee266800 JavaThread "Signal Dispatcher" daemon [_thread_blocked, id=24744, stack(0x0000003111300000,0x0000003111400000)]
  0x00000181ee267800 JavaThread "Attach Listener" daemon [_thread_blocked, id=4420, stack(0x0000003111400000,0x0000003111500000)]
  0x00000181ee268800 JavaThread "Service Thread" daemon [_thread_blocked, id=17108, stack(0x0000003111500000,0x0000003111600000)]
  0x00000181ee271800 JavaThread "C2 CompilerThread0" daemon [_thread_blocked, id=3800, stack(0x0000003111600000,0x0000003111700000)]
  0x00000181ee278000 JavaThread "C1 CompilerThread0" daemon [_thread_blocked, id=11368, stack(0x0000003111700000,0x0000003111800000)]
  0x00000181ee282800 JavaThread "Sweeper thread" daemon [_thread_blocked, id=10068, stack(0x0000003111800000,0x0000003111900000)]
  0x00000181ee409800 JavaThread "Common-Cleaner" daemon [_thread_blocked, id=15132, stack(0x0000003111900000,0x0000003111a00000)]
  0x00000181ee6d0000 JavaThread "JDWP Transport Listener: dt_socket" daemon [_thread_blocked, id=21968, stack(0x0000003111e00000,0x0000003111f00000)] _threads_hazard_ptr=0x00000181f22baba0
  0x00000181ee6d2800 JavaThread "JDWP Event Helper Thread" daemon [_thread_blocked, id=7920, stack(0x0000003111f00000,0x0000003112000000)]
  0x00000181ee550800 JavaThread "JDWP Command Reader" daemon [_thread_in_native, id=28904, stack(0x0000003112000000,0x0000003112100000)]
  0x00000181eec94800 JavaThread "ReaderThread" [_thread_in_native, id=16780, stack(0x0000003112300000,0x0000003112400000)]

Other Threads:
=>0x00000181ed95e800 VMThread "VM Thread" [stack: 0x0000003111000000,0x0000003111100000] [id=31724]
  0x00000181eec83800 WatcherThread [stack: 0x0000003112100000,0x0000003112200000] [id=20464]
  0x00000181c95b7000 GCTaskThread "GC Thread#0" [stack: 0x0000003110b00000,0x0000003110c00000] [id=14200]
  0x00000181ef7a3000 GCTaskThread "GC Thread#1" [stack: 0x0000003112400000,0x0000003112500000] [id=18744]
  0x00000181ef7a4000 GCTaskThread "GC Thread#2" [stack: 0x0000003112500000,0x0000003112600000] [id=10556]
  0x00000181ef6c3000 GCTaskThread "GC Thread#3" [stack: 0x0000003112600000,0x0000003112700000] [id=11560]
  0x00000181ef6c3800 GCTaskThread "GC Thread#4" [stack: 0x0000003112700000,0x0000003112800000] [id=28500]
  0x00000181c960f800 ConcurrentGCThread "G1 Main Marker" [stack: 0x0000003110c00000,0x0000003110d00000] [id=10816]
  0x00000181c9610800 ConcurrentGCThread "G1 Conc#0" [stack: 0x0000003110d00000,0x0000003110e00000] [id=1764]
  0x00000181ef998800 ConcurrentGCThread "G1 Conc#1" [stack: 0x0000003112900000,0x0000003112a00000] [id=10340]
  0x00000181ef995800 ConcurrentGCThread "G1 Conc#2" [stack: 0x0000003112a00000,0x0000003112b00000] [id=23616]
  0x00000181ed83d800 ConcurrentGCThread "G1 Refine#0" [stack: 0x0000003110e00000,0x0000003110f00000] [id=29824]
  0x00000181ed83e800 ConcurrentGCThread "G1 Young RemSet Sampling" [stack: 0x0000003110f00000,0x0000003111000000] [id=11416]

Threads with active compile tasks:

VM state:at safepoint (normal execution)

VM Mutex/Monitor currently owned by a thread:  ([mutex/lock_event])
[0x00000181c9598e20] Threads_lock - owner thread: 0x00000181ed95e800

Heap address: 0x0000000709800000, size: 3944 MB, Compressed Oops mode: Zero based, Oop shift amount: 3
Narrow klass base: 0x0000000800000000, Narrow klass shift: 0
Compressed class space size: 1073741824 Address: 0x0000000800000000

Heap:
 garbage-first heap   total 253952K, used 24658K [0x0000000709800000, 0x0000000800000000)
  region size 1024K, 21 young (21504K), 5 survivors (5120K)
 Metaspace       used 22691K, capacity 23312K, committed 23676K, reserved 1071104K
  class space    used 2704K, capacity 2938K, committed 3020K, reserved 1048576K
Heap Regions: E=young(eden), S=young(survivor), O=old, HS=humongous(starts), HC=humongous(continues), CS=collection set, F=free, A=archive, TAMS=top-at-mark-start (previous, next)
|   0|0x0000000709800000, 0x0000000709900000, 0x0000000709900000|100%|HS|  |TAMS 0x0000000709900000, 0x0000000709800000| Complete 
|   1|0x0000000709900000, 0x0000000709a00000, 0x0000000709a00000|100%| O|  |TAMS 0x0000000709a00000, 0x0000000709900000| Untracked 
|   2|0x0000000709a00000, 0x0000000709b00000, 0x0000000709b00000|100%| O|  |TAMS 0x0000000709b00000, 0x0000000709a00000| Untracked 
|   3|0x0000000709b00000, 0x0000000709c00000, 0x0000000709c00000|100%| O|  |TAMS 0x0000000709c00000, 0x0000000709b00000| Untracked 
|   4|0x0000000709c00000, 0x0000000709c87c00, 0x0000000709d00000| 53%| O|  |TAMS 0x0000000709c87c00, 0x0000000709c00000| Untracked 
|   5|0x0000000709d00000, 0x0000000709d00000, 0x0000000709e00000|  0%| F|  |TAMS 0x0000000709d00000, 0x0000000709d00000| Untracked 
|   6|0x0000000709e00000, 0x0000000709e00000, 0x0000000709f00000|  0%| F|  |TAMS 0x0000000709e00000, 0x0000000709e00000| Untracked 
|   7|0x0000000709f00000, 0x0000000709f00000, 0x000000070a000000|  0%| F|  |TAMS 0x0000000709f00000, 0x0000000709f00000| Untracked 
|   8|0x000000070a000000, 0x000000070a000000, 0x000000070a100000|  0%| F|  |TAMS 0x000000070a000000, 0x000000070a000000| Untracked 
|   9|0x000000070a100000, 0x000000070a100000, 0x000000070a200000|  0%| F|  |TAMS 0x000000070a100000, 0x000000070a100000| Untracked 
|  10|0x000000070a200000, 0x000000070a200000, 0x000000070a300000|  0%| F|  |TAMS 0x000000070a200000, 0x000000070a200000| Untracked 
|  11|0x000000070a300000, 0x000000070a300000, 0x000000070a400000|  0%| F|  |TAMS 0x000000070a300000, 0x000000070a300000| Untracked 
|  12|0x000000070a400000, 0x000000070a400000, 0x000000070a500000|  0%| F|  |TAMS 0x000000070a400000, 0x000000070a400000| Untracked 
|  13|0x000000070a500000, 0x000000070a500000, 0x000000070a600000|  0%| F|  |TAMS 0x000000070a500000, 0x000000070a500000| Untracked 
|  14|0x000000070a600000, 0x000000070a600000, 0x000000070a700000|  0%| F|  |TAMS 0x000000070a600000, 0x000000070a600000| Untracked 
|  15|0x000000070a700000, 0x000000070a700000, 0x000000070a800000|  0%| F|  |TAMS 0x000000070a700000, 0x000000070a700000| Untracked 
|  16|0x000000070a800000, 0x000000070a800000, 0x000000070a900000|  0%| F|  |TAMS 0x000000070a800000, 0x000000070a800000| Untracked 
|  17|0x000000070a900000, 0x000000070a900000, 0x000000070aa00000|  0%| F|  |TAMS 0x000000070a900000, 0x000000070a900000| Untracked 
|  18|0x000000070aa00000, 0x000000070aa00000, 0x000000070ab00000|  0%| F|  |TAMS 0x000000070aa00000, 0x000000070aa00000| Untracked 
|  19|0x000000070ab00000, 0x000000070ab00000, 0x000000070ac00000|  0%| F|  |TAMS 0x000000070ab00000, 0x000000070ab00000| Untracked 
|  20|0x000000070ac00000, 0x000000070ac00000, 0x000000070ad00000|  0%| F|  |TAMS 0x000000070ac00000, 0x000000070ac00000| Untracked 
|  21|0x000000070ad00000, 0x000000070ad00000, 0x000000070ae00000|  0%| F|  |TAMS 0x000000070ad00000, 0x000000070ad00000| Untracked 
|  22|0x000000070ae00000, 0x000000070ae00000, 0x000000070af00000|  0%| F|  |TAMS 0x000000070ae00000, 0x000000070ae00000| Untracked 
|  23|0x000000070af00000, 0x000000070af00000, 0x000000070b000000|  0%| F|  |TAMS 0x000000070af00000, 0x000000070af00000| Untracked 
|  24|0x000000070b000000, 0x000000070b000000, 0x000000070b100000|  0%| F|  |TAMS 0x000000070b000000, 0x000000070b000000| Untracked 
|  25|0x000000070b100000, 0x000000070b100000, 0x000000070b200000|  0%| F|  |TAMS 0x000000070b100000, 0x000000070b100000| Untracked 
|  26|0x000000070b200000, 0x000000070b200000, 0x000000070b300000|  0%| F|  |TAMS 0x000000070b200000, 0x000000070b200000| Untracked 
|  27|0x000000070b300000, 0x000000070b300000, 0x000000070b400000|  0%| F|  |TAMS 0x000000070b300000, 0x000000070b300000| Untracked 
|  28|0x000000070b400000, 0x000000070b400000, 0x000000070b500000|  0%| F|  |TAMS 0x000000070b400000, 0x000000070b400000| Untracked 
|  29|0x000000070b500000, 0x000000070b500000, 0x000000070b600000|  0%| F|  |TAMS 0x000000070b500000, 0x000000070b500000| Untracked 
|  30|0x000000070b600000, 0x000000070b600000, 0x000000070b700000|  0%| F|  |TAMS 0x000000070b600000, 0x000000070b600000| Untracked 
|  31|0x000000070b700000, 0x000000070b700000, 0x000000070b800000|  0%| F|  |TAMS 0x000000070b700000, 0x000000070b700000| Untracked 
|  32|0x000000070b800000, 0x000000070b800000, 0x000000070b900000|  0%| F|  |TAMS 0x000000070b800000, 0x000000070b800000| Untracked 
|  33|0x000000070b900000, 0x000000070b900000, 0x000000070ba00000|  0%| F|  |TAMS 0x000000070b900000, 0x000000070b900000| Untracked 
|  34|0x000000070ba00000, 0x000000070ba00000, 0x000000070bb00000|  0%| F|  |TAMS 0x000000070ba00000, 0x000000070ba00000| Untracked 
|  35|0x000000070bb00000, 0x000000070bb00000, 0x000000070bc00000|  0%| F|  |TAMS 0x000000070bb00000, 0x000000070bb00000| Untracked 
|  36|0x000000070bc00000, 0x000000070bc00000, 0x000000070bd00000|  0%| F|  |TAMS 0x000000070bc00000, 0x000000070bc00000| Untracked 
|  37|0x000000070bd00000, 0x000000070bd00000, 0x000000070be00000|  0%| F|  |TAMS 0x000000070bd00000, 0x000000070bd00000| Untracked 
|  38|0x000000070be00000, 0x000000070be00000, 0x000000070bf00000|  0%| F|  |TAMS 0x000000070be00000, 0x000000070be00000| Untracked 
|  39|0x000000070bf00000, 0x000000070bf00000, 0x000000070c000000|  0%| F|  |TAMS 0x000000070bf00000, 0x000000070bf00000| Untracked 
|  40|0x000000070c000000, 0x000000070c000000, 0x000000070c100000|  0%| F|  |TAMS 0x000000070c000000, 0x000000070c000000| Untracked 
|  41|0x000000070c100000, 0x000000070c100000, 0x000000070c200000|  0%| F|  |TAMS 0x000000070c100000, 0x000000070c100000| Untracked 
|  42|0x000000070c200000, 0x000000070c200000, 0x000000070c300000|  0%| F|  |TAMS 0x000000070c200000, 0x000000070c200000| Untracked 
|  43|0x000000070c300000, 0x000000070c300000, 0x000000070c400000|  0%| F|  |TAMS 0x000000070c300000, 0x000000070c300000| Untracked 
|  44|0x000000070c400000, 0x000000070c400000, 0x000000070c500000|  0%| F|  |TAMS 0x000000070c400000, 0x000000070c400000| Untracked 
|  45|0x000000070c500000, 0x000000070c500000, 0x000000070c600000|  0%| F|  |TAMS 0x000000070c500000, 0x000000070c500000| Untracked 
|  46|0x000000070c600000, 0x000000070c600000, 0x000000070c700000|  0%| F|  |TAMS 0x000000070c600000, 0x000000070c600000| Untracked 
|  47|0x000000070c700000, 0x000000070c700000, 0x000000070c800000|  0%| F|  |TAMS 0x000000070c700000, 0x000000070c700000| Untracked 
|  48|0x000000070c800000, 0x000000070c800000, 0x000000070c900000|  0%| F|  |TAMS 0x000000070c800000, 0x000000070c800000| Untracked 
|  49|0x000000070c900000, 0x000000070c900000, 0x000000070ca00000|  0%| F|  |TAMS 0x000000070c900000, 0x000000070c900000| Untracked 
|  50|0x000000070ca00000, 0x000000070ca00000, 0x000000070cb00000|  0%| F|  |TAMS 0x000000070ca00000, 0x000000070ca00000| Untracked 
|  51|0x000000070cb00000, 0x000000070cb00000, 0x000000070cc00000|  0%| F|  |TAMS 0x000000070cb00000, 0x000000070cb00000| Untracked 
|  52|0x000000070cc00000, 0x000000070cc00000, 0x000000070cd00000|  0%| F|  |TAMS 0x000000070cc00000, 0x000000070cc00000| Untracked 
|  53|0x000000070cd00000, 0x000000070cd00000, 0x000000070ce00000|  0%| F|  |TAMS 0x000000070cd00000, 0x000000070cd00000| Untracked 
|  54|0x000000070ce00000, 0x000000070ce00000, 0x000000070cf00000|  0%| F|  |TAMS 0x000000070ce00000, 0x000000070ce00000| Untracked 
|  55|0x000000070cf00000, 0x000000070cf00000, 0x000000070d000000|  0%| F|  |TAMS 0x000000070cf00000, 0x000000070cf00000| Untracked 
|  56|0x000000070d000000, 0x000000070d000000, 0x000000070d100000|  0%| F|  |TAMS 0x000000070d000000, 0x000000070d000000| Untracked 
|  57|0x000000070d100000, 0x000000070d100000, 0x000000070d200000|  0%| F|  |TAMS 0x000000070d100000, 0x000000070d100000| Untracked 
|  58|0x000000070d200000, 0x000000070d200000, 0x000000070d300000|  0%| F|  |TAMS 0x000000070d200000, 0x000000070d200000| Untracked 
|  59|0x000000070d300000, 0x000000070d300000, 0x000000070d400000|  0%| F|  |TAMS 0x000000070d300000, 0x000000070d300000| Untracked 
|  60|0x000000070d400000, 0x000000070d400000, 0x000000070d500000|  0%| F|  |TAMS 0x000000070d400000, 0x000000070d400000| Untracked 
|  61|0x000000070d500000, 0x000000070d500000, 0x000000070d600000|  0%| F|  |TAMS 0x000000070d500000, 0x000000070d500000| Untracked 
|  62|0x000000070d600000, 0x000000070d600000, 0x000000070d700000|  0%| F|  |TAMS 0x000000070d600000, 0x000000070d600000| Untracked 
|  63|0x000000070d700000, 0x000000070d700000, 0x000000070d800000|  0%| F|  |TAMS 0x000000070d700000, 0x000000070d700000| Untracked 
|  64|0x000000070d800000, 0x000000070d800000, 0x000000070d900000|  0%| F|  |TAMS 0x000000070d800000, 0x000000070d800000| Untracked 
|  65|0x000000070d900000, 0x000000070d900000, 0x000000070da00000|  0%| F|  |TAMS 0x000000070d900000, 0x000000070d900000| Untracked 
|  66|0x000000070da00000, 0x000000070da00000, 0x000000070db00000|  0%| F|  |TAMS 0x000000070da00000, 0x000000070da00000| Untracked 
|  67|0x000000070db00000, 0x000000070db00000, 0x000000070dc00000|  0%| F|  |TAMS 0x000000070db00000, 0x000000070db00000| Untracked 
|  68|0x000000070dc00000, 0x000000070dc00000, 0x000000070dd00000|  0%| F|  |TAMS 0x000000070dc00000, 0x000000070dc00000| Untracked 
|  69|0x000000070dd00000, 0x000000070dd00000, 0x000000070de00000|  0%| F|  |TAMS 0x000000070dd00000, 0x000000070dd00000| Untracked 
|  70|0x000000070de00000, 0x000000070de00000, 0x000000070df00000|  0%| F|  |TAMS 0x000000070de00000, 0x000000070de00000| Untracked 
|  71|0x000000070df00000, 0x000000070df00000, 0x000000070e000000|  0%| F|  |TAMS 0x000000070df00000, 0x000000070df00000| Untracked 
|  72|0x000000070e000000, 0x000000070e000000, 0x000000070e100000|  0%| F|  |TAMS 0x000000070e000000, 0x000000070e000000| Untracked 
|  73|0x000000070e100000, 0x000000070e100000, 0x000000070e200000|  0%| F|  |TAMS 0x000000070e100000, 0x000000070e100000| Untracked 
|  74|0x000000070e200000, 0x000000070e200000, 0x000000070e300000|  0%| F|  |TAMS 0x000000070e200000, 0x000000070e200000| Untracked 
|  75|0x000000070e300000, 0x000000070e300000, 0x000000070e400000|  0%| F|  |TAMS 0x000000070e300000, 0x000000070e300000| Untracked 
|  76|0x000000070e400000, 0x000000070e400000, 0x000000070e500000|  0%| F|  |TAMS 0x000000070e400000, 0x000000070e400000| Untracked 
|  77|0x000000070e500000, 0x000000070e500000, 0x000000070e600000|  0%| F|  |TAMS 0x000000070e500000, 0x000000070e500000| Untracked 
|  78|0x000000070e600000, 0x000000070e600000, 0x000000070e700000|  0%| F|  |TAMS 0x000000070e600000, 0x000000070e600000| Untracked 
|  79|0x000000070e700000, 0x000000070e700000, 0x000000070e800000|  0%| F|  |TAMS 0x000000070e700000, 0x000000070e700000| Untracked 
|  80|0x000000070e800000, 0x000000070e800000, 0x000000070e900000|  0%| F|  |TAMS 0x000000070e800000, 0x000000070e800000| Untracked 
|  81|0x000000070e900000, 0x000000070e900000, 0x000000070ea00000|  0%| F|  |TAMS 0x000000070e900000, 0x000000070e900000| Untracked 
|  82|0x000000070ea00000, 0x000000070ea00000, 0x000000070eb00000|  0%| F|  |TAMS 0x000000070ea00000, 0x000000070ea00000| Untracked 
|  83|0x000000070eb00000, 0x000000070eb00000, 0x000000070ec00000|  0%| F|  |TAMS 0x000000070eb00000, 0x000000070eb00000| Untracked 
|  84|0x000000070ec00000, 0x000000070ec00000, 0x000000070ed00000|  0%| F|  |TAMS 0x000000070ec00000, 0x000000070ec00000| Untracked 
|  85|0x000000070ed00000, 0x000000070ed00000, 0x000000070ee00000|  0%| F|  |TAMS 0x000000070ed00000, 0x000000070ed00000| Untracked 
|  86|0x000000070ee00000, 0x000000070ee00000, 0x000000070ef00000|  0%| F|  |TAMS 0x000000070ee00000, 0x000000070ee00000| Untracked 
|  87|0x000000070ef00000, 0x000000070ef00000, 0x000000070f000000|  0%| F|  |TAMS 0x000000070ef00000, 0x000000070ef00000| Untracked 
|  88|0x000000070f000000, 0x000000070f000000, 0x000000070f100000|  0%| F|  |TAMS 0x000000070f000000, 0x000000070f000000| Untracked 
|  89|0x000000070f100000, 0x000000070f100000, 0x000000070f200000|  0%| F|  |TAMS 0x000000070f100000, 0x000000070f100000| Untracked 
|  90|0x000000070f200000, 0x000000070f200000, 0x000000070f300000|  0%| F|  |TAMS 0x000000070f200000, 0x000000070f200000| Untracked 
|  91|0x000000070f300000, 0x000000070f300000, 0x000000070f400000|  0%| F|  |TAMS 0x000000070f300000, 0x000000070f300000| Untracked 
|  92|0x000000070f400000, 0x000000070f400000, 0x000000070f500000|  0%| F|  |TAMS 0x000000070f400000, 0x000000070f400000| Untracked 
|  93|0x000000070f500000, 0x000000070f500000, 0x000000070f600000|  0%| F|  |TAMS 0x000000070f500000, 0x000000070f500000| Untracked 
|  94|0x000000070f600000, 0x000000070f600000, 0x000000070f700000|  0%| F|  |TAMS 0x000000070f600000, 0x000000070f600000| Untracked 
|  95|0x000000070f700000, 0x000000070f700000, 0x000000070f800000|  0%| F|  |TAMS 0x000000070f700000, 0x000000070f700000| Untracked 
|  96|0x000000070f800000, 0x000000070f800000, 0x000000070f900000|  0%| F|  |TAMS 0x000000070f800000, 0x000000070f800000| Untracked 
|  97|0x000000070f900000, 0x000000070f900000, 0x000000070fa00000|  0%| F|  |TAMS 0x000000070f900000, 0x000000070f900000| Untracked 
|  98|0x000000070fa00000, 0x000000070fa00000, 0x000000070fb00000|  0%| F|  |TAMS 0x000000070fa00000, 0x000000070fa00000| Untracked 
|  99|0x000000070fb00000, 0x000000070fb00000, 0x000000070fc00000|  0%| F|  |TAMS 0x000000070fb00000, 0x000000070fb00000| Untracked 
| 100|0x000000070fc00000, 0x000000070fc00000, 0x000000070fd00000|  0%| F|  |TAMS 0x000000070fc00000, 0x000000070fc00000| Untracked 
| 101|0x000000070fd00000, 0x000000070fd00000, 0x000000070fe00000|  0%| F|  |TAMS 0x000000070fd00000, 0x000000070fd00000| Untracked 
| 102|0x000000070fe00000, 0x000000070fe00000, 0x000000070ff00000|  0%| F|  |TAMS 0x000000070fe00000, 0x000000070fe00000| Untracked 
| 103|0x000000070ff00000, 0x000000070ff00000, 0x0000000710000000|  0%| F|  |TAMS 0x000000070ff00000, 0x000000070ff00000| Untracked 
| 104|0x0000000710000000, 0x0000000710000000, 0x0000000710100000|  0%| F|  |TAMS 0x0000000710000000, 0x0000000710000000| Untracked 
| 105|0x0000000710100000, 0x0000000710100000, 0x0000000710200000|  0%| F|  |TAMS 0x0000000710100000, 0x0000000710100000| Untracked 
| 106|0x0000000710200000, 0x0000000710200000, 0x0000000710300000|  0%| F|  |TAMS 0x0000000710200000, 0x0000000710200000| Untracked 
| 107|0x0000000710300000, 0x0000000710300000, 0x0000000710400000|  0%| F|  |TAMS 0x0000000710300000, 0x0000000710300000| Untracked 
| 108|0x0000000710400000, 0x0000000710400000, 0x0000000710500000|  0%| F|  |TAMS 0x0000000710400000, 0x0000000710400000| Untracked 
| 109|0x0000000710500000, 0x0000000710500000, 0x0000000710600000|  0%| F|  |TAMS 0x0000000710500000, 0x0000000710500000| Untracked 
| 110|0x0000000710600000, 0x0000000710600000, 0x0000000710700000|  0%| F|  |TAMS 0x0000000710600000, 0x0000000710600000| Untracked 
| 111|0x0000000710700000, 0x0000000710700000, 0x0000000710800000|  0%| F|  |TAMS 0x0000000710700000, 0x0000000710700000| Untracked 
| 112|0x0000000710800000, 0x0000000710800000, 0x0000000710900000|  0%| F|  |TAMS 0x0000000710800000, 0x0000000710800000| Untracked 
| 113|0x0000000710900000, 0x0000000710900000, 0x0000000710a00000|  0%| F|  |TAMS 0x0000000710900000, 0x0000000710900000| Untracked 
| 114|0x0000000710a00000, 0x0000000710a00000, 0x0000000710b00000|  0%| F|  |TAMS 0x0000000710a00000, 0x0000000710a00000| Untracked 
| 115|0x0000000710b00000, 0x0000000710b00000, 0x0000000710c00000|  0%| F|  |TAMS 0x0000000710b00000, 0x0000000710b00000| Untracked 
| 116|0x0000000710c00000, 0x0000000710c00000, 0x0000000710d00000|  0%| F|  |TAMS 0x0000000710c00000, 0x0000000710c00000| Untracked 
| 117|0x0000000710d00000, 0x0000000710d00000, 0x0000000710e00000|  0%| F|  |TAMS 0x0000000710d00000, 0x0000000710d00000| Untracked 
| 118|0x0000000710e00000, 0x0000000710e00000, 0x0000000710f00000|  0%| F|  |TAMS 0x0000000710e00000, 0x0000000710e00000| Untracked 
| 119|0x0000000710f00000, 0x0000000710f00000, 0x0000000711000000|  0%| F|  |TAMS 0x0000000710f00000, 0x0000000710f00000| Untracked 
| 120|0x0000000711000000, 0x0000000711000000, 0x0000000711100000|  0%| F|  |TAMS 0x0000000711000000, 0x0000000711000000| Untracked 
| 121|0x0000000711100000, 0x0000000711100000, 0x0000000711200000|  0%| F|  |TAMS 0x0000000711100000, 0x0000000711100000| Untracked 
| 122|0x0000000711200000, 0x0000000711200000, 0x0000000711300000|  0%| F|  |TAMS 0x0000000711200000, 0x0000000711200000| Untracked 
| 123|0x0000000711300000, 0x0000000711300000, 0x0000000711400000|  0%| F|  |TAMS 0x0000000711300000, 0x0000000711300000| Untracked 
| 124|0x0000000711400000, 0x0000000711400000, 0x0000000711500000|  0%| F|  |TAMS 0x0000000711400000, 0x0000000711400000| Untracked 
| 125|0x0000000711500000, 0x0000000711500000, 0x0000000711600000|  0%| F|  |TAMS 0x0000000711500000, 0x0000000711500000| Untracked 
| 126|0x0000000711600000, 0x0000000711600000, 0x0000000711700000|  0%| F|  |TAMS 0x0000000711600000, 0x0000000711600000| Untracked 
| 127|0x0000000711700000, 0x0000000711700000, 0x0000000711800000|  0%| F|  |TAMS 0x0000000711700000, 0x0000000711700000| Untracked 
| 128|0x0000000711800000, 0x0000000711800000, 0x0000000711900000|  0%| F|  |TAMS 0x0000000711800000, 0x0000000711800000| Untracked 
| 129|0x0000000711900000, 0x0000000711900000, 0x0000000711a00000|  0%| F|  |TAMS 0x0000000711900000, 0x0000000711900000| Untracked 
| 130|0x0000000711a00000, 0x0000000711a00000, 0x0000000711b00000|  0%| F|  |TAMS 0x0000000711a00000, 0x0000000711a00000| Untracked 
| 131|0x0000000711b00000, 0x0000000711b00000, 0x0000000711c00000|  0%| F|  |TAMS 0x0000000711b00000, 0x0000000711b00000| Untracked 
| 132|0x0000000711c00000, 0x0000000711c00000, 0x0000000711d00000|  0%| F|  |TAMS 0x0000000711c00000, 0x0000000711c00000| Untracked 
| 133|0x0000000711d00000, 0x0000000711d00000, 0x0000000711e00000|  0%| F|  |TAMS 0x0000000711d00000, 0x0000000711d00000| Untracked 
| 134|0x0000000711e00000, 0x0000000711e00000, 0x0000000711f00000|  0%| F|  |TAMS 0x0000000711e00000, 0x0000000711e00000| Untracked 
| 135|0x0000000711f00000, 0x0000000711f00000, 0x0000000712000000|  0%| F|  |TAMS 0x0000000711f00000, 0x0000000711f00000| Untracked 
| 136|0x0000000712000000, 0x0000000712000000, 0x0000000712100000|  0%| F|  |TAMS 0x0000000712000000, 0x0000000712000000| Untracked 
| 137|0x0000000712100000, 0x0000000712100000, 0x0000000712200000|  0%| F|  |TAMS 0x0000000712100000, 0x0000000712100000| Untracked 
| 138|0x0000000712200000, 0x0000000712200000, 0x0000000712300000|  0%| F|  |TAMS 0x0000000712200000, 0x0000000712200000| Untracked 
| 139|0x0000000712300000, 0x0000000712300000, 0x0000000712400000|  0%| F|  |TAMS 0x0000000712300000, 0x0000000712300000| Untracked 
| 140|0x0000000712400000, 0x0000000712400000, 0x0000000712500000|  0%| F|  |TAMS 0x0000000712400000, 0x0000000712400000| Untracked 
| 141|0x0000000712500000, 0x0000000712500000, 0x0000000712600000|  0%| F|  |TAMS 0x0000000712500000, 0x0000000712500000| Untracked 
| 142|0x0000000712600000, 0x0000000712600000, 0x0000000712700000|  0%| F|  |TAMS 0x0000000712600000, 0x0000000712600000| Untracked 
| 143|0x0000000712700000, 0x0000000712700000, 0x0000000712800000|  0%| F|  |TAMS 0x0000000712700000, 0x0000000712700000| Untracked 
| 144|0x0000000712800000, 0x0000000712800000, 0x0000000712900000|  0%| F|  |TAMS 0x0000000712800000, 0x0000000712800000| Untracked 
| 145|0x0000000712900000, 0x0000000712900000, 0x0000000712a00000|  0%| F|  |TAMS 0x0000000712900000, 0x0000000712900000| Untracked 
| 146|0x0000000712a00000, 0x0000000712a8cde0, 0x0000000712b00000| 55%| S|CS|TAMS 0x0000000712a00000, 0x0000000712a00000| Complete 
| 147|0x0000000712b00000, 0x0000000712c00000, 0x0000000712c00000|100%| S|CS|TAMS 0x0000000712b00000, 0x0000000712b00000| Complete 
| 148|0x0000000712c00000, 0x0000000712d00000, 0x0000000712d00000|100%| S|CS|TAMS 0x0000000712c00000, 0x0000000712c00000| Complete 
| 149|0x0000000712d00000, 0x0000000712e00000, 0x0000000712e00000|100%| S|CS|TAMS 0x0000000712d00000, 0x0000000712d00000| Complete 
| 150|0x0000000712e00000, 0x0000000712f00000, 0x0000000712f00000|100%| S|CS|TAMS 0x0000000712e00000, 0x0000000712e00000| Complete 
| 151|0x0000000712f00000, 0x0000000712f00000, 0x0000000713000000|  0%| F|  |TAMS 0x0000000712f00000, 0x0000000712f00000| Untracked 
| 152|0x0000000713000000, 0x0000000713000000, 0x0000000713100000|  0%| F|  |TAMS 0x0000000713000000, 0x0000000713000000| Untracked 
| 153|0x0000000713100000, 0x0000000713100000, 0x0000000713200000|  0%| F|  |TAMS 0x0000000713100000, 0x0000000713100000| Untracked 
| 154|0x0000000713200000, 0x0000000713200000, 0x0000000713300000|  0%| F|  |TAMS 0x0000000713200000, 0x0000000713200000| Untracked 
| 155|0x0000000713300000, 0x0000000713300000, 0x0000000713400000|  0%| F|  |TAMS 0x0000000713300000, 0x0000000713300000| Untracked 
| 156|0x0000000713400000, 0x0000000713400000, 0x0000000713500000|  0%| F|  |TAMS 0x0000000713400000, 0x0000000713400000| Untracked 
| 157|0x0000000713500000, 0x0000000713500000, 0x0000000713600000|  0%| F|  |TAMS 0x0000000713500000, 0x0000000713500000| Untracked 
| 158|0x0000000713600000, 0x0000000713600000, 0x0000000713700000|  0%| F|  |TAMS 0x0000000713600000, 0x0000000713600000| Untracked 
| 159|0x0000000713700000, 0x0000000713700000, 0x0000000713800000|  0%| F|  |TAMS 0x0000000713700000, 0x0000000713700000| Untracked 
| 160|0x0000000713800000, 0x0000000713800000, 0x0000000713900000|  0%| F|  |TAMS 0x0000000713800000, 0x0000000713800000| Untracked 
| 161|0x0000000713900000, 0x0000000713900000, 0x0000000713a00000|  0%| F|  |TAMS 0x0000000713900000, 0x0000000713900000| Untracked 
| 162|0x0000000713a00000, 0x0000000713a00000, 0x0000000713b00000|  0%| F|  |TAMS 0x0000000713a00000, 0x0000000713a00000| Untracked 
| 163|0x0000000713b00000, 0x0000000713b00000, 0x0000000713c00000|  0%| F|  |TAMS 0x0000000713b00000, 0x0000000713b00000| Untracked 
| 164|0x0000000713c00000, 0x0000000713c00000, 0x0000000713d00000|  0%| F|  |TAMS 0x0000000713c00000, 0x0000000713c00000| Untracked 
| 165|0x0000000713d00000, 0x0000000713d00000, 0x0000000713e00000|  0%| F|  |TAMS 0x0000000713d00000, 0x0000000713d00000| Untracked 
| 166|0x0000000713e00000, 0x0000000713e00000, 0x0000000713f00000|  0%| F|  |TAMS 0x0000000713e00000, 0x0000000713e00000| Untracked 
| 167|0x0000000713f00000, 0x0000000713f00000, 0x0000000714000000|  0%| F|  |TAMS 0x0000000713f00000, 0x0000000713f00000| Untracked 
| 168|0x0000000714000000, 0x0000000714000000, 0x0000000714100000|  0%| F|  |TAMS 0x0000000714000000, 0x0000000714000000| Untracked 
| 169|0x0000000714100000, 0x0000000714100000, 0x0000000714200000|  0%| F|  |TAMS 0x0000000714100000, 0x0000000714100000| Untracked 
| 170|0x0000000714200000, 0x0000000714200000, 0x0000000714300000|  0%| F|  |TAMS 0x0000000714200000, 0x0000000714200000| Untracked 
| 171|0x0000000714300000, 0x0000000714300000, 0x0000000714400000|  0%| F|  |TAMS 0x0000000714300000, 0x0000000714300000| Untracked 
| 172|0x0000000714400000, 0x0000000714400000, 0x0000000714500000|  0%| F|  |TAMS 0x0000000714400000, 0x0000000714400000| Untracked 
| 173|0x0000000714500000, 0x0000000714500000, 0x0000000714600000|  0%| F|  |TAMS 0x0000000714500000, 0x0000000714500000| Untracked 
| 174|0x0000000714600000, 0x0000000714600000, 0x0000000714700000|  0%| F|  |TAMS 0x0000000714600000, 0x0000000714600000| Untracked 
| 175|0x0000000714700000, 0x0000000714700000, 0x0000000714800000|  0%| F|  |TAMS 0x0000000714700000, 0x0000000714700000| Untracked 
| 176|0x0000000714800000, 0x0000000714800000, 0x0000000714900000|  0%| F|  |TAMS 0x0000000714800000, 0x0000000714800000| Untracked 
| 177|0x0000000714900000, 0x0000000714900000, 0x0000000714a00000|  0%| F|  |TAMS 0x0000000714900000, 0x0000000714900000| Untracked 
| 178|0x0000000714a00000, 0x0000000714a00000, 0x0000000714b00000|  0%| F|  |TAMS 0x0000000714a00000, 0x0000000714a00000| Untracked 
| 179|0x0000000714b00000, 0x0000000714b00000, 0x0000000714c00000|  0%| F|  |TAMS 0x0000000714b00000, 0x0000000714b00000| Untracked 
| 180|0x0000000714c00000, 0x0000000714c00000, 0x0000000714d00000|  0%| F|  |TAMS 0x0000000714c00000, 0x0000000714c00000| Untracked 
| 181|0x0000000714d00000, 0x0000000714d00000, 0x0000000714e00000|  0%| F|  |TAMS 0x0000000714d00000, 0x0000000714d00000| Untracked 
| 182|0x0000000714e00000, 0x0000000714e00000, 0x0000000714f00000|  0%| F|  |TAMS 0x0000000714e00000, 0x0000000714e00000| Untracked 
| 183|0x0000000714f00000, 0x0000000714f00000, 0x0000000715000000|  0%| F|  |TAMS 0x0000000714f00000, 0x0000000714f00000| Untracked 
| 184|0x0000000715000000, 0x0000000715000000, 0x0000000715100000|  0%| F|  |TAMS 0x0000000715000000, 0x0000000715000000| Untracked 
| 185|0x0000000715100000, 0x0000000715100000, 0x0000000715200000|  0%| F|  |TAMS 0x0000000715100000, 0x0000000715100000| Untracked 
| 186|0x0000000715200000, 0x0000000715200000, 0x0000000715300000|  0%| F|  |TAMS 0x0000000715200000, 0x0000000715200000| Untracked 
| 187|0x0000000715300000, 0x0000000715300000, 0x0000000715400000|  0%| F|  |TAMS 0x0000000715300000, 0x0000000715300000| Untracked 
| 188|0x0000000715400000, 0x0000000715400000, 0x0000000715500000|  0%| F|  |TAMS 0x0000000715400000, 0x0000000715400000| Untracked 
| 189|0x0000000715500000, 0x0000000715500000, 0x0000000715600000|  0%| F|  |TAMS 0x0000000715500000, 0x0000000715500000| Untracked 
| 190|0x0000000715600000, 0x0000000715600000, 0x0000000715700000|  0%| F|  |TAMS 0x0000000715600000, 0x0000000715600000| Untracked 
| 191|0x0000000715700000, 0x0000000715700000, 0x0000000715800000|  0%| F|  |TAMS 0x0000000715700000, 0x0000000715700000| Untracked 
| 192|0x0000000715800000, 0x0000000715800000, 0x0000000715900000|  0%| F|  |TAMS 0x0000000715800000, 0x0000000715800000| Untracked 
| 193|0x0000000715900000, 0x0000000715900000, 0x0000000715a00000|  0%| F|  |TAMS 0x0000000715900000, 0x0000000715900000| Untracked 
| 194|0x0000000715a00000, 0x0000000715a00000, 0x0000000715b00000|  0%| F|  |TAMS 0x0000000715a00000, 0x0000000715a00000| Untracked 
| 195|0x0000000715b00000, 0x0000000715b00000, 0x0000000715c00000|  0%| F|  |TAMS 0x0000000715b00000, 0x0000000715b00000| Untracked 
| 196|0x0000000715c00000, 0x0000000715c00000, 0x0000000715d00000|  0%| F|  |TAMS 0x0000000715c00000, 0x0000000715c00000| Untracked 
| 197|0x0000000715d00000, 0x0000000715d00000, 0x0000000715e00000|  0%| F|  |TAMS 0x0000000715d00000, 0x0000000715d00000| Untracked 
| 198|0x0000000715e00000, 0x0000000715e00000, 0x0000000715f00000|  0%| F|  |TAMS 0x0000000715e00000, 0x0000000715e00000| Untracked 
| 199|0x0000000715f00000, 0x0000000715f00000, 0x0000000716000000|  0%| F|  |TAMS 0x0000000715f00000, 0x0000000715f00000| Untracked 
| 200|0x0000000716000000, 0x0000000716000000, 0x0000000716100000|  0%| F|  |TAMS 0x0000000716000000, 0x0000000716000000| Untracked 
| 201|0x0000000716100000, 0x0000000716100000, 0x0000000716200000|  0%| F|  |TAMS 0x0000000716100000, 0x0000000716100000| Untracked 
| 202|0x0000000716200000, 0x0000000716200000, 0x0000000716300000|  0%| F|  |TAMS 0x0000000716200000, 0x0000000716200000| Untracked 
| 203|0x0000000716300000, 0x0000000716300000, 0x0000000716400000|  0%| F|  |TAMS 0x0000000716300000, 0x0000000716300000| Untracked 
| 204|0x0000000716400000, 0x0000000716400000, 0x0000000716500000|  0%| F|  |TAMS 0x0000000716400000, 0x0000000716400000| Untracked 
| 205|0x0000000716500000, 0x0000000716500000, 0x0000000716600000|  0%| F|  |TAMS 0x0000000716500000, 0x0000000716500000| Untracked 
| 206|0x0000000716600000, 0x0000000716600000, 0x0000000716700000|  0%| F|  |TAMS 0x0000000716600000, 0x0000000716600000| Untracked 
| 207|0x0000000716700000, 0x0000000716700000, 0x0000000716800000|  0%| F|  |TAMS 0x0000000716700000, 0x0000000716700000| Untracked 
| 208|0x0000000716800000, 0x0000000716800000, 0x0000000716900000|  0%| F|  |TAMS 0x0000000716800000, 0x0000000716800000| Untracked 
| 209|0x0000000716900000, 0x0000000716900000, 0x0000000716a00000|  0%| F|  |TAMS 0x0000000716900000, 0x0000000716900000| Untracked 
| 210|0x0000000716a00000, 0x0000000716a00000, 0x0000000716b00000|  0%| F|  |TAMS 0x0000000716a00000, 0x0000000716a00000| Untracked 
| 211|0x0000000716b00000, 0x0000000716b00000, 0x0000000716c00000|  0%| F|  |TAMS 0x0000000716b00000, 0x0000000716b00000| Untracked 
| 212|0x0000000716c00000, 0x0000000716c00000, 0x0000000716d00000|  0%| F|  |TAMS 0x0000000716c00000, 0x0000000716c00000| Untracked 
| 213|0x0000000716d00000, 0x0000000716d00000, 0x0000000716e00000|  0%| F|  |TAMS 0x0000000716d00000, 0x0000000716d00000| Untracked 
| 214|0x0000000716e00000, 0x0000000716e00000, 0x0000000716f00000|  0%| F|  |TAMS 0x0000000716e00000, 0x0000000716e00000| Untracked 
| 215|0x0000000716f00000, 0x0000000716f00000, 0x0000000717000000|  0%| F|  |TAMS 0x0000000716f00000, 0x0000000716f00000| Untracked 
| 216|0x0000000717000000, 0x0000000717000000, 0x0000000717100000|  0%| F|  |TAMS 0x0000000717000000, 0x0000000717000000| Untracked 
| 217|0x0000000717100000, 0x0000000717100000, 0x0000000717200000|  0%| F|  |TAMS 0x0000000717100000, 0x0000000717100000| Untracked 
| 218|0x0000000717200000, 0x0000000717200000, 0x0000000717300000|  0%| F|  |TAMS 0x0000000717200000, 0x0000000717200000| Untracked 
| 219|0x0000000717300000, 0x0000000717300000, 0x0000000717400000|  0%| F|  |TAMS 0x0000000717300000, 0x0000000717300000| Untracked 
| 220|0x0000000717400000, 0x0000000717400000, 0x0000000717500000|  0%| F|  |TAMS 0x0000000717400000, 0x0000000717400000| Untracked 
| 221|0x0000000717500000, 0x0000000717500000, 0x0000000717600000|  0%| F|  |TAMS 0x0000000717500000, 0x0000000717500000| Untracked 
| 222|0x0000000717600000, 0x0000000717600000, 0x0000000717700000|  0%| F|  |TAMS 0x0000000717600000, 0x0000000717600000| Untracked 
| 223|0x0000000717700000, 0x0000000717700000, 0x0000000717800000|  0%| F|  |TAMS 0x0000000717700000, 0x0000000717700000| Untracked 
| 224|0x0000000717800000, 0x0000000717800000, 0x0000000717900000|  0%| F|  |TAMS 0x0000000717800000, 0x0000000717800000| Untracked 
| 225|0x0000000717900000, 0x0000000717900000, 0x0000000717a00000|  0%| F|  |TAMS 0x0000000717900000, 0x0000000717900000| Untracked 
| 226|0x0000000717a00000, 0x0000000717a00000, 0x0000000717b00000|  0%| F|  |TAMS 0x0000000717a00000, 0x0000000717a00000| Untracked 
| 227|0x0000000717b00000, 0x0000000717b00000, 0x0000000717c00000|  0%| F|  |TAMS 0x0000000717b00000, 0x0000000717b00000| Untracked 
| 228|0x0000000717c00000, 0x0000000717c00000, 0x0000000717d00000|  0%| F|  |TAMS 0x0000000717c00000, 0x0000000717c00000| Untracked 
| 229|0x0000000717d00000, 0x0000000717d00000, 0x0000000717e00000|  0%| F|  |TAMS 0x0000000717d00000, 0x0000000717d00000| Untracked 
| 230|0x0000000717e00000, 0x0000000717e00000, 0x0000000717f00000|  0%| F|  |TAMS 0x0000000717e00000, 0x0000000717e00000| Untracked 
| 231|0x0000000717f00000, 0x0000000717f00000, 0x0000000718000000|  0%| F|  |TAMS 0x0000000717f00000, 0x0000000717f00000| Untracked 
| 232|0x0000000718000000, 0x0000000718100000, 0x0000000718100000|100%| E|  |TAMS 0x0000000718000000, 0x0000000718000000| Complete 
| 233|0x0000000718100000, 0x0000000718200000, 0x0000000718200000|100%| E|CS|TAMS 0x0000000718100000, 0x0000000718100000| Complete 
| 234|0x0000000718200000, 0x0000000718300000, 0x0000000718300000|100%| E|CS|TAMS 0x0000000718200000, 0x0000000718200000| Complete 
| 235|0x0000000718300000, 0x0000000718400000, 0x0000000718400000|100%| E|CS|TAMS 0x0000000718300000, 0x0000000718300000| Complete 
| 236|0x0000000718400000, 0x0000000718500000, 0x0000000718500000|100%| E|CS|TAMS 0x0000000718400000, 0x0000000718400000| Complete 
| 237|0x0000000718500000, 0x0000000718600000, 0x0000000718600000|100%| E|CS|TAMS 0x0000000718500000, 0x0000000718500000| Complete 
| 238|0x0000000718600000, 0x0000000718700000, 0x0000000718700000|100%| E|CS|TAMS 0x0000000718600000, 0x0000000718600000| Complete 
| 239|0x0000000718700000, 0x0000000718800000, 0x0000000718800000|100%| E|CS|TAMS 0x0000000718700000, 0x0000000718700000| Complete 
| 240|0x0000000718800000, 0x0000000718900000, 0x0000000718900000|100%| E|CS|TAMS 0x0000000718800000, 0x0000000718800000| Complete 
| 241|0x0000000718900000, 0x0000000718a00000, 0x0000000718a00000|100%| E|CS|TAMS 0x0000000718900000, 0x0000000718900000| Complete 
| 242|0x0000000718a00000, 0x0000000718b00000, 0x0000000718b00000|100%| E|CS|TAMS 0x0000000718a00000, 0x0000000718a00000| Complete 
| 243|0x0000000718b00000, 0x0000000718c00000, 0x0000000718c00000|100%| E|CS|TAMS 0x0000000718b00000, 0x0000000718b00000| Complete 
| 244|0x0000000718c00000, 0x0000000718d00000, 0x0000000718d00000|100%| E|CS|TAMS 0x0000000718c00000, 0x0000000718c00000| Complete 
| 245|0x0000000718d00000, 0x0000000718e00000, 0x0000000718e00000|100%| E|CS|TAMS 0x0000000718d00000, 0x0000000718d00000| Complete 
| 246|0x0000000718e00000, 0x0000000718f00000, 0x0000000718f00000|100%| E|CS|TAMS 0x0000000718e00000, 0x0000000718e00000| Complete 
| 247|0x0000000718f00000, 0x0000000719000000, 0x0000000719000000|100%| E|CS|TAMS 0x0000000718f00000, 0x0000000718f00000| Complete 

Card table byte_map: [0x00000181e1d50000,0x00000181e2510000] _byte_map_base: 0x00000181de504000

Marking Bits (Prev, Next): (CMBitMap*) 0x00000181c95ff110, (CMBitMap*) 0x00000181c95ff0d8
 Prev Bits: [0x00000181e6a70000, 0x00000181ea810000)
 Next Bits: [0x00000181e2cd0000, 0x00000181e6a70000)

Polling page: 0x00000181c7580000

Metaspace:

Usage:
  Non-class:     19.90 MB capacity,    19.52 MB ( 98%) used,   317.20 KB (  2%) free+waste,    70.00 KB ( <1%) overhead. 
      Class:      2.87 MB capacity,     2.64 MB ( 92%) used,   200.38 KB (  7%) free+waste,    33.13 KB (  1%) overhead. 
       Both:     22.77 MB capacity,    22.16 MB ( 97%) used,   517.58 KB (  2%) free+waste,   103.13 KB ( <1%) overhead. 

Virtual space:
  Non-class space:       22.00 MB reserved,      20.17 MB ( 92%) committed 
      Class space:        1.00 GB reserved,       2.95 MB ( <1%) committed 
             Both:        1.02 GB reserved,      23.12 MB (  2%) committed 

Chunk freelists:
   Non-Class:  90.00 KB
       Class:  6.00 KB
        Both:  96.00 KB

MaxMetaspaceSize: 17179869184.00 GB
CompressedClassSpaceSize: 1.00 GB
Initial GC threshold: 20.80 MB
Current GC threshold: 35.20 MB
CDS: off

CodeHeap 'non-profiled nmethods': size=119168Kb used=1303Kb max_used=1303Kb free=117864Kb
 bounds [0x00000181d98a0000, 0x00000181d9b10000, 0x00000181e0d00000]
CodeHeap 'profiled nmethods': size=119168Kb used=6005Kb max_used=6005Kb free=113163Kb
 bounds [0x00000181d2440000, 0x00000181d2a20000, 0x00000181d98a0000]
CodeHeap 'non-nmethods': size=7424Kb used=1250Kb max_used=2995Kb free=6174Kb
 bounds [0x00000181d1d00000, 0x00000181d2000000, 0x00000181d2440000]
 total_blobs=3064 nmethods=2637 adapters=347
 compilation: enabled
              stopped_count=0, restarted_count=0
 full_count=0

Compilation events (20 events):
Event: 2.647 Thread 0x00000181ee414800 nmethod 2592 0x00000181d2a15110 code [0x00000181d2a152c0, 0x00000181d2a153b8]
Event: 2.647 Thread 0x00000181f363e800 nmethod 2628 0x00000181d2a15490 code [0x00000181d2a15660, 0x00000181d2a15b38]
Event: 2.648 Thread 0x00000181ee415800 nmethod 2621 0x00000181d2a15c10 code [0x00000181d2a16100, 0x00000181d2a18958]
Event: 2.648 Thread 0x00000181ee414800 2630       3       java.lang.AbstractStringBuilder::isLatin1 (19 bytes)
Event: 2.648 Thread 0x00000181ee414800 nmethod 2630 0x00000181d2a19690 code [0x00000181d2a19840, 0x00000181d2a199b8]
Event: 2.648 Thread 0x00000181ee278000 nmethod 2623 0x00000181d2a19a90 code [0x00000181d2a19e00, 0x00000181d2a1b0e8]
Event: 2.649 Thread 0x00000181ee426800 2631       4       java.nio.ByteBuffer::position (8 bytes)
Event: 2.650 Thread 0x00000181ee426800 nmethod 2631 0x00000181d99e4c10 code [0x00000181d99e4da0, 0x00000181d99e4e78]
Event: 2.652 Thread 0x00000181f363e800 2632       3       java.util.zip.CRC32::<init> (5 bytes)
Event: 2.652 Thread 0x00000181f363e800 nmethod 2632 0x00000181d2a1b890 code [0x00000181d2a1ba40, 0x00000181d2a1bb98]
Event: 2.653 Thread 0x00000181ee415800 2633       3       jdk.internal.loader.URLClassPath$JarLoader$2::getBytes (48 bytes)
Event: 2.653 Thread 0x00000181ee415800 nmethod 2633 0x00000181d2a1bc90 code [0x00000181d2a1bea0, 0x00000181d2a1c5e8]
Event: 2.654 Thread 0x00000181ee414800 2634       3       java.lang.AbstractStringBuilder::append (77 bytes)
Event: 2.655 Thread 0x00000181ee278000 2635       1       java.lang.reflect.Field::getName (5 bytes)
Event: 2.655 Thread 0x00000181ee414800 nmethod 2634 0x00000181d2a1c890 code [0x00000181d2a1cac0, 0x00000181d2a1d168]
Event: 2.655 Thread 0x00000181ee278000 nmethod 2635 0x00000181d99e4f90 code [0x00000181d99e5140, 0x00000181d99e51f8]
Event: 2.656 Thread 0x00000181f363e800 2636       1       java.lang.reflect.Field::getModifiers (5 bytes)
Event: 2.656 Thread 0x00000181ee271800 2637       4       java.lang.String::getChars (54 bytes)
Event: 2.656 Thread 0x00000181f363e800 nmethod 2636 0x00000181d99e5290 code [0x00000181d99e5440, 0x00000181d99e54f8]
Event: 2.658 Thread 0x00000181ee271800 nmethod 2637 0x00000181d99e5590 code [0x00000181d99e5740, 0x00000181d99e5ad8]

GC Heap History (4 events):
Event: 0.515 GC heap before
{Heap before GC invocations=0 (full 0):
 garbage-first heap   total 253952K, used 25600K [0x0000000709800000, 0x0000000800000000)
  region size 1024K, 24 young (24576K), 0 survivors (0K)
 Metaspace       used 11775K, capacity 11998K, committed 12160K, reserved 1060864K
  class space    used 1046K, capacity 1124K, committed 1152K, reserved 1048576K
}
Event: 0.518 GC heap after
{Heap after GC invocations=1 (full 0):
 garbage-first heap   total 253952K, used 7711K [0x0000000709800000, 0x0000000800000000)
  region size 1024K, 3 young (3072K), 3 survivors (3072K)
 Metaspace       used 11775K, capacity 11998K, committed 12160K, reserved 1060864K
  class space    used 1046K, capacity 1124K, committed 1152K, reserved 1048576K
}
Event: 1.282 GC heap before
{Heap before GC invocations=1 (full 0):
 garbage-first heap   total 253952K, used 102943K [0x0000000709800000, 0x0000000800000000)
  region size 1024K, 97 young (99328K), 3 survivors (3072K)
 Metaspace       used 20600K, capacity 21180K, committed 21296K, reserved 1069056K
  class space    used 2472K, capacity 2682K, committed 2688K, reserved 1048576K
}
Event: 1.287 GC heap after
{Heap after GC invocations=2 (full 0):
 garbage-first heap   total 253952K, used 9298K [0x0000000709800000, 0x0000000800000000)
  region size 1024K, 5 young (5120K), 5 survivors (5120K)
 Metaspace       used 20600K, capacity 21180K, committed 21296K, reserved 1069056K
  class space    used 2472K, capacity 2682K, committed 2688K, reserved 1048576K
}

Deoptimization events (20 events):
Event: 2.647 Thread 0x00000181c959c000 DEOPT PACKING pc=0x00000181d98b8400 sp=0x0000003110af9ca0
Event: 2.647 Thread 0x00000181c959c000 DEOPT UNPACKING pc=0x00000181d1d4a1af sp=0x0000003110af9bd8 mode 2
Event: 2.647 Thread 0x00000181c959c000 Uncommon trap: trap_request=0xffffff4d fr.pc=0x00000181d98b95b8 relative=0x0000000000000378
Event: 2.647 Thread 0x00000181c959c000 Uncommon trap: reason=unstable_if action=reinterpret pc=0x00000181d98b95b8 method=java.lang.AbstractStringBuilder.isLatin1()Z @ 10 c2
Event: 2.647 Thread 0x00000181c959c000 DEOPT PACKING pc=0x00000181d98b95b8 sp=0x0000003110af9cb0
Event: 2.647 Thread 0x00000181c959c000 DEOPT UNPACKING pc=0x00000181d1d4a1af sp=0x0000003110af9c40 mode 2
Event: 2.647 Thread 0x00000181c959c000 Uncommon trap: trap_request=0xffffff4d fr.pc=0x00000181d991027c relative=0x000000000000005c
Event: 2.647 Thread 0x00000181c959c000 Uncommon trap: reason=unstable_if action=reinterpret pc=0x00000181d991027c method=java.lang.AbstractStringBuilder.isLatin1()Z @ 10 c2
Event: 2.647 Thread 0x00000181c959c000 DEOPT PACKING pc=0x00000181d991027c sp=0x0000003110af9c90
Event: 2.647 Thread 0x00000181c959c000 DEOPT UNPACKING pc=0x00000181d1d4a1af sp=0x0000003110af9c30 mode 2
Event: 2.652 Thread 0x00000181c959c000 Uncommon trap: trap_request=0xffffff4d fr.pc=0x00000181d98b30e0 relative=0x0000000000000040
Event: 2.652 Thread 0x00000181c959c000 Uncommon trap: reason=unstable_if action=reinterpret pc=0x00000181d98b30e0 method=java.lang.StringLatin1.canEncode(I)Z @ 4 c2
Event: 2.652 Thread 0x00000181c959c000 DEOPT PACKING pc=0x00000181d98b30e0 sp=0x0000003110af9380
Event: 2.652 Thread 0x00000181c959c000 DEOPT UNPACKING pc=0x00000181d1d4a1af sp=0x0000003110af9320 mode 2
Event: 2.656 Thread 0x00000181c959c000 DEOPT PACKING pc=0x00000181d27f0ddc sp=0x0000003110afb8f0
Event: 2.656 Thread 0x00000181c959c000 DEOPT UNPACKING pc=0x00000181d1d4a95e sp=0x0000003110afae28 mode 1
Event: 2.656 Thread 0x00000181c959c000 DEOPT PACKING pc=0x00000181d27f0ddc sp=0x0000003110afb8f0
Event: 2.656 Thread 0x00000181c959c000 DEOPT UNPACKING pc=0x00000181d1d4a95e sp=0x0000003110afae28 mode 1
Event: 2.656 Thread 0x00000181c959c000 DEOPT PACKING pc=0x00000181d27f0ddc sp=0x0000003110afb8f0
Event: 2.656 Thread 0x00000181c959c000 DEOPT UNPACKING pc=0x00000181d1d4a95e sp=0x0000003110afae28 mode 1

Classes redefined (5 events):
Event: 111.152 Thread 0x00000181ed95e800 redefined class name=com.springboot.ordermanagement.service.OrderServiceTest, count=1
Event: 234.127 Thread 0x00000181ed95e800 redefined class name=com.springboot.ordermanagement.service.OrderServiceTest, count=2
Event: 440.643 Thread 0x00000181ed95e800 redefined class name=com.springboot.ordermanagement.service.OrderServiceTest, count=3
Event: 509.628 Thread 0x00000181ed95e800 redefined class name=com.springboot.ordermanagement.service.OrderServiceTest, count=4
Event: 612.739 Thread 0x00000181ed95e800 redefined class name=com.springboot.ordermanagement.service.OrderServiceTest, count=5

Internal exceptions (20 events):
Event: 0.657 Thread 0x00000181c959c000 Exception <a 'java/lang/NoSuchMethodError'{0x00000007180e1fa8}: 'void java.lang.invoke.DirectMethodHandle$Holder.invokeInterface(java.lang.Object, java.lang.Object, java.lang.Object, java.lang.Object)'> (0x00000007180e1fa8) thrown at [s\src\hotspot\share\interpreter\linkResolver.cpp, line 773]
Event: 0.657 Thread 0x00000181c959c000 Exception <a 'java/lang/IncompatibleClassChangeError'{0x00000007180e4d68}: Found class java.lang.Object, but interface was expected> (0x00000007180e4d68) thrown at [s\src\hotspot\share\interpreter\linkResolver.cpp, line 839]
Event: 0.658 Thread 0x00000181c959c000 Exception <a 'java/lang/NoSuchMethodError'{0x0000000717f12560}: 'void java.lang.invoke.DirectMethodHandle$Holder.invokeStatic(java.lang.Object, java.lang.Object, java.lang.Object, java.lang.Object)'> (0x0000000717f12560) thrown at [s\src\hotspot\share\interpreter\linkResolver.cpp, line 773]
Event: 0.667 Thread 0x00000181c959c000 Exception <a 'java/lang/NoSuchMethodError'{0x0000000717e94068}: 'int java.lang.invoke.DirectMethodHandle$Holder.invokeStatic(java.lang.Object, java.lang.Object, java.lang.Object, java.lang.Object, java.lang.Object)'> (0x0000000717e94068) thrown at [s\src\hotspot\share\interpreter\linkResolver.cpp, line 773]
Event: 0.674 Thread 0x00000181c959c000 Exception <a 'java/lang/NoSuchMethodError'{0x0000000717d69a58}: 'void java.lang.invoke.DirectMethodHandle$Holder.invokeStaticInit(java.lang.Object)'> (0x0000000717d69a58) thrown at [s\src\hotspot\share\interpreter\linkResolver.cpp, line 773]
Event: 0.676 Thread 0x00000181c959c000 Exception <a 'java/lang/NoSuchMethodError'{0x0000000717dac570}: 'void java.lang.invoke.DirectMethodHandle$Holder.invokeSpecial(java.lang.Object, java.lang.Object)'> (0x0000000717dac570) thrown at [s\src\hotspot\share\interpreter\linkResolver.cpp, line 773]
Event: 0.690 Thread 0x00000181c959c000 Exception <a 'java/lang/NoSuchMethodError'{0x0000000717a517b0}: 'int java.lang.invoke.DirectMethodHandle$Holder.invokeStaticInit(java.lang.Object, java.lang.Object)'> (0x0000000717a517b0) thrown at [s\src\hotspot\share\interpreter\linkResolver.cpp, line 773]
Event: 0.725 Thread 0x00000181c959c000 Exception <a 'java/lang/NoSuchMethodError'{0x00000007173e9280}: 'void java.lang.invoke.DirectMethodHandle$Holder.invokeStatic(java.lang.Object, java.lang.Object, java.lang.Object, java.lang.Object, java.lang.Object)'> (0x00000007173e9280) thrown at [s\src\hotspot\share\interpreter\linkResolver.cpp, line 773]
Event: 0.725 Thread 0x00000181c959c000 Exception <a 'java/lang/NoSuchMethodError'{0x00000007173f76c8}: 'java.lang.Object java.lang.invoke.Invokers$Holder.linkToTargetMethod(java.lang.Object, java.lang.Object, java.lang.Object, java.lang.Object, java.lang.Object, java.lang.Object, java.lang.Object)'> (0x00000007173f76c8) thrown at [s\src\hotspot\share\interpreter\linkResolver.cpp, line 773]
Event: 0.726 Thread 0x00000181c959c000 Exception <a 'java/lang/NoSuchMethodError'{0x00000007173fd3d8}: 'java.lang.Object java.lang.invoke.DirectMethodHandle$Holder.invokeInterface(java.lang.Object, java.lang.Object, java.lang.Object, java.lang.Object, java.lang.Object)'> (0x00000007173fd3d8) thrown at [s\src\hotspot\share\interpreter\linkResolver.cpp, line 773]
Event: 0.726 Thread 0x00000181c959c000 Exception <a 'java/lang/IncompatibleClassChangeError'{0x0000000717201018}: Found class java.lang.Object, but interface was expected> (0x0000000717201018) thrown at [s\src\hotspot\share\interpreter\linkResolver.cpp, line 839]
Event: 0.731 Thread 0x00000181c959c000 Exception <a 'java/lang/NoSuchMethodError'{0x00000007172988d8}: 'int java.lang.invoke.DirectMethodHandle$Holder.invokeInterface(java.lang.Object, java.lang.Object)'> (0x00000007172988d8) thrown at [s\src\hotspot\share\interpreter\linkResolver.cpp, line 773]
Event: 0.735 Thread 0x00000181c959c000 Exception <a 'java/lang/IncompatibleClassChangeError'{0x00000007172d08d8}: Found class java.lang.Object, but interface was expected> (0x00000007172d08d8) thrown at [s\src\hotspot\share\interpreter\linkResolver.cpp, line 839]
Event: 0.800 Thread 0x00000181c959c000 Exception <a 'java/lang/NoSuchMethodError'{0x0000000716abf460}: 'int java.lang.invoke.DirectMethodHandle$Holder.invokeStaticInit(java.lang.Object, java.lang.Object, java.lang.Object, java.lang.Object)'> (0x0000000716abf460) thrown at [s\src\hotspot\share\interpreter\linkResolver.cpp, line 773]
Event: 0.801 Thread 0x00000181c959c000 Exception <a 'java/lang/IncompatibleClassChangeError'{0x0000000716ac83d0}: Found class java.lang.Object, but interface was expected> (0x0000000716ac83d0) thrown at [s\src\hotspot\share\interpreter\linkResolver.cpp, line 839]
Event: 0.801 Thread 0x00000181c959c000 Exception <a 'java/lang/NoSuchMethodError'{0x0000000716acb9b8}: 'void java.lang.invoke.DirectMethodHandle$Holder.invokeStaticInit(java.lang.Object, java.lang.Object)'> (0x0000000716acb9b8) thrown at [s\src\hotspot\share\interpreter\linkResolver.cpp, line 773]
Event: 1.034 Thread 0x00000181c959c000 Exception <a 'java/lang/ClassNotFoundException'{0x0000000714cd7428}: java/lang/ClassLoader$ByteBuddyAccessor$V1> (0x0000000714cd7428) thrown at [s\src\hotspot\share\classfile\systemDictionary.cpp, line 230]
Event: 2.615 Thread 0x00000181c959c000 Exception <a 'java/lang/ClassNotFoundException'{0x00000007185b4140}: javax/smartcardio/CardPermission> (0x00000007185b4140) thrown at [s\src\hotspot\share\classfile\systemDictionary.cpp, line 230]
Event: 2.617 Thread 0x00000181c959c000 Exception <a 'java/io/FileNotFoundException'{0x00000007185c75d8}> (0x00000007185c75d8) thrown at [s\src\hotspot\share\prims\jni.cpp, line 617]
Event: 2.654 Thread 0x00000181c959c000 Exception <a 'java/lang/NoSuchMethodError'{0x000000071815b670}: 'int java.lang.invoke.DirectMethodHandle$Holder.invokeStaticInit(java.lang.Object, java.lang.Object, java.lang.Object)'> (0x000000071815b670) thrown at [s\src\hotspot\share\interpreter\linkResolver.cpp, line 773]

Events (20 events):
Event: 612.762 Executing VM operation: GetFrameCount done
Event: 612.762 Executing VM operation: GetStackTrace
Event: 612.762 Executing VM operation: GetStackTrace done
Event: 2456.972 Executing VM operation: ChangeBreakpoints
Event: 2456.973 Executing VM operation: ChangeBreakpoints done
Event: 2521.880 Executing VM operation: ChangeBreakpoints
Event: 2521.880 Executing VM operation: ChangeBreakpoints done
Event: 2733.305 Executing VM operation: ChangeBreakpoints
Event: 2733.306 Executing VM operation: ChangeBreakpoints done
Event: 2737.802 Executing VM operation: GetCurrentContendedMonitor
Event: 2737.802 Executing VM operation: GetCurrentContendedMonitor done
Event: 2737.802 Executing VM operation: GetOwnedMonitorInfo
Event: 2737.802 Executing VM operation: GetOwnedMonitorInfo done
Event: 2738.311 Executing VM operation: GetCurrentContendedMonitor
Event: 2738.311 Executing VM operation: GetCurrentContendedMonitor done
Event: 2738.311 Executing VM operation: GetOwnedMonitorInfo
Event: 2738.311 Executing VM operation: GetOwnedMonitorInfo done
Event: 2739.084 Executing VM operation: GetFrameLocation
Event: 2739.084 Executing VM operation: GetFrameLocation done
Event: 2739.084 Executing VM operation: GetOrSetLocal


Dynamic libraries:
0x00007ff790700000 - 0x00007ff79070d000 	C:\Program Files\Amazon Corretto\jdk11.0.19_7\bin\javaw.exe
0x00007ffaf9bf0000 - 0x00007ffaf9e07000 	C:\WINDOWS\SYSTEM32\ntdll.dll
0x00007ffaf9800000 - 0x00007ffaf98c4000 	C:\WINDOWS\System32\KERNEL32.DLL
0x00007ffaf71f0000 - 0x00007ffaf7596000 	C:\WINDOWS\System32\KERNELBASE.dll
0x00007ffaf75d0000 - 0x00007ffaf76e1000 	C:\WINDOWS\System32\ucrtbase.dll
0x00007ffad5530000 - 0x00007ffad5547000 	C:\Program Files\Amazon Corretto\jdk11.0.19_7\bin\jli.dll
0x00007ffad1f90000 - 0x00007ffad1fa9000 	C:\Program Files\Amazon Corretto\jdk11.0.19_7\bin\VCRUNTIME140.dll
0x00007ffaf9320000 - 0x00007ffaf94cd000 	C:\WINDOWS\System32\USER32.dll
0x00007ffaf75a0000 - 0x00007ffaf75c6000 	C:\WINDOWS\System32\win32u.dll
0x00007ffae6f60000 - 0x00007ffae71f3000 	C:\WINDOWS\WinSxS\amd64_microsoft.windows.common-controls_6595b64144ccf1df_6.0.22621.2361_none_2712ced57382f843\COMCTL32.dll
0x00007ffaf9070000 - 0x00007ffaf9099000 	C:\WINDOWS\System32\GDI32.dll
0x00007ffaf90a0000 - 0x00007ffaf9147000 	C:\WINDOWS\System32\msvcrt.dll
0x00007ffaf7830000 - 0x00007ffaf7948000 	C:\WINDOWS\System32\gdi32full.dll
0x00007ffaf6f70000 - 0x00007ffaf700a000 	C:\WINDOWS\System32\msvcp_win.dll
0x00007ffaf8ab0000 - 0x00007ffaf8ae1000 	C:\WINDOWS\System32\IMM32.DLL
0x00007ffa952d0000 - 0x00007ffa9536b000 	C:\Program Files\Amazon Corretto\jdk11.0.19_7\bin\msvcp140.dll
0x00007ffa4db00000 - 0x00007ffa4e68a000 	C:\Program Files\Amazon Corretto\jdk11.0.19_7\bin\server\jvm.dll
0x00007ffaf99b0000 - 0x00007ffaf9a60000 	C:\WINDOWS\System32\ADVAPI32.dll
0x00007ffaf96c0000 - 0x00007ffaf9766000 	C:\WINDOWS\System32\sechost.dll
0x00007ffaf8900000 - 0x00007ffaf8a17000 	C:\WINDOWS\System32\RPCRT4.dll
0x00007ffaf9310000 - 0x00007ffaf9318000 	C:\WINDOWS\System32\PSAPI.DLL
0x00007ffae2770000 - 0x00007ffae2779000 	C:\WINDOWS\SYSTEM32\WSOCK32.dll
0x00007ffaf4900000 - 0x00007ffaf4934000 	C:\WINDOWS\SYSTEM32\WINMM.dll
0x00007ffaf0900000 - 0x00007ffaf090a000 	C:\WINDOWS\SYSTEM32\VERSION.dll
0x00007ffaf9930000 - 0x00007ffaf99a1000 	C:\WINDOWS\System32\WS2_32.dll
0x00007ffaf6000000 - 0x00007ffaf6018000 	C:\WINDOWS\SYSTEM32\kernel.appcore.dll
0x00007ffaecba0000 - 0x00007ffaecbb0000 	C:\Program Files\Amazon Corretto\jdk11.0.19_7\bin\verify.dll
0x00007ffaf46d0000 - 0x00007ffaf48fe000 	C:\WINDOWS\SYSTEM32\DBGHELP.DLL
0x00007ffaf8bf0000 - 0x00007ffaf8f7a000 	C:\WINDOWS\System32\combase.dll
0x00007ffaf9580000 - 0x00007ffaf9657000 	C:\WINDOWS\System32\OLEAUT32.dll
0x00007ffaf4690000 - 0x00007ffaf46c2000 	C:\WINDOWS\SYSTEM32\dbgcore.DLL
0x00007ffaf76f0000 - 0x00007ffaf776a000 	C:\WINDOWS\System32\bcryptPrimitives.dll
0x00007ffab7f90000 - 0x00007ffab7fb8000 	C:\Program Files\Amazon Corretto\jdk11.0.19_7\bin\java.dll
0x00007ffaec980000 - 0x00007ffaec98a000 	C:\Program Files\Amazon Corretto\jdk11.0.19_7\bin\jimage.dll
0x00007ffab3ee0000 - 0x00007ffab3f18000 	C:\Program Files\Amazon Corretto\jdk11.0.19_7\bin\jdwp.dll
0x00007ffaec7c0000 - 0x00007ffaec7ce000 	C:\Program Files\Amazon Corretto\jdk11.0.19_7\bin\instrument.dll
0x00007ffabe630000 - 0x00007ffabe648000 	C:\Program Files\Amazon Corretto\jdk11.0.19_7\bin\zip.dll
0x00007ffaf7950000 - 0x00007ffaf81a8000 	C:\WINDOWS\System32\SHELL32.dll
0x00007ffaf4e90000 - 0x00007ffaf5782000 	C:\WINDOWS\SYSTEM32\windows.storage.dll
0x00007ffaf4d50000 - 0x00007ffaf4e8e000 	C:\WINDOWS\SYSTEM32\wintypes.dll
0x00007ffaf8800000 - 0x00007ffaf88f3000 	C:\WINDOWS\System32\SHCORE.dll
0x00007ffaf9000000 - 0x00007ffaf905e000 	C:\WINDOWS\System32\shlwapi.dll
0x00007ffaf6ea0000 - 0x00007ffaf6ec6000 	C:\WINDOWS\SYSTEM32\profapi.dll
0x00007ffaec290000 - 0x00007ffaec29a000 	C:\Program Files\Amazon Corretto\jdk11.0.19_7\bin\dt_socket.dll
0x00007ffaf64e0000 - 0x00007ffaf6549000 	C:\WINDOWS\System32\mswsock.dll
0x00007ffaf5a90000 - 0x00007ffaf5b89000 	C:\WINDOWS\SYSTEM32\DNSAPI.dll
0x00007ffaf5a60000 - 0x00007ffaf5a8d000 	C:\WINDOWS\SYSTEM32\IPHLPAPI.DLL
0x00007ffaf9060000 - 0x00007ffaf9069000 	C:\WINDOWS\System32\NSI.dll
0x00007ffaf1310000 - 0x00007ffaf1394000 	C:\WINDOWS\System32\fwpuclnt.dll
0x00007ffaf1250000 - 0x00007ffaf125a000 	C:\Windows\System32\rasadhlp.dll
0x00007ffabd030000 - 0x00007ffabd049000 	C:\Program Files\Amazon Corretto\jdk11.0.19_7\bin\net.dll
0x00007ffaf1b40000 - 0x00007ffaf1c77000 	C:\WINDOWS\SYSTEM32\WINHTTP.dll
0x00007ffab84a0000 - 0x00007ffab84b3000 	C:\Program Files\Amazon Corretto\jdk11.0.19_7\bin\nio.dll

dbghelp: loaded successfully - version: 4.0.5 - missing functions: none
symbol engine: initialized successfully - sym options: 0x614 - pdb path: .;C:\Program Files\Amazon Corretto\jdk11.0.19_7\bin;C:\WINDOWS\SYSTEM32;C:\WINDOWS\WinSxS\amd64_microsoft.windows.common-controls_6595b64144ccf1df_6.0.22621.2361_none_2712ced57382f843;C:\Program Files\Amazon Corretto\jdk11.0.19_7\bin\server

VM Arguments:
jvm_args: -agentlib:jdwp=transport=dt_socket,suspend=y,address=localhost:33974 -ea -javaagent:C:\Users\pokha\eclipse\java-2023-09\eclipse\configuration\org.eclipse.osgi\252\0\.cp\lib\javaagent-shaded.jar -Dfile.encoding=UTF-8 -Dstdout.encoding=UTF-8 -Dstderr.encoding=UTF-8 
java_command: org.eclipse.jdt.internal.junit.runner.RemoteTestRunner -version 3 -port 33973 -testLoaderClass org.eclipse.jdt.internal.junit5.runner.JUnit5TestLoader -loaderpluginname org.eclipse.jdt.junit5.runtime -test com.springboot.ordermanagement.service.OrderServiceTest:saveOrderTestPositive
java_class_path (initial): C:\Users\pokha\git\orderMgmtRepo\ordermanagement\target\test-classes;C:\Users\pokha\git\orderMgmtRepo\ordermanagement\target\classes;C:\Users\pokha\eclipse\java-2023-09\eclipse\lombok.jar;C:\Users\pokha\.m2\repository\org\springframework\boot\spring-boot-starter-data-jpa\2.7.15\spring-boot-starter-data-jpa-2.7.15.jar;C:\Users\pokha\.m2\repository\org\springframework\boot\spring-boot-starter-aop\2.7.15\spring-boot-starter-aop-2.7.15.jar;C:\Users\pokha\.m2\repository\org\aspectj\aspectjweaver\1.9.7\aspectjweaver-1.9.7.jar;C:\Users\pokha\.m2\repository\org\springframework\boot\spring-boot-starter-jdbc\2.7.15\spring-boot-starter-jdbc-2.7.15.jar;C:\Users\pokha\.m2\repository\com\zaxxer\HikariCP\4.0.3\HikariCP-4.0.3.jar;C:\Users\pokha\.m2\repository\org\springframework\spring-jdbc\5.3.29\spring-jdbc-5.3.29.jar;C:\Users\pokha\.m2\repository\jakarta\transaction\jakarta.transaction-api\1.3.3\jakarta.transaction-api-1.3.3.jar;C:\Users\pokha\.m2\repository\jakarta\persistence\jakarta.persistence-api\2.2.3\jakarta.persistence-api-2.2.3.jar;C:\Users\pokha\.m2\repository\org\hibernate\hibernate-core\5.6.15.Final\hibernate-core-5.6.15.Final.jar;C:\Users\pokha\.m2\repository\org\jboss\logging\jboss-logging\3.4.3.Final\jboss-logging-3.4.3.Final.jar;C:\Users\pokha\.m2\repository\net\bytebuddy\byte-buddy\1.12.23\byte-buddy-1.12.23.jar;C:\Users\pokha\.m2\repository\antlr\antlr\2.7.7\antlr-2.7.7.jar;C:\Users\pokha\.m2\repository\org\jboss\jandex\2.4.2.Final\jandex-2.4.2.Final.jar;C:\Users\pokha\.m2\repository\com\fasterxml\classmate\1.5.1\classmate-1.5.1.jar;C:\Users\pokha\.m2\repository\org\hibernate\common\hibernate-commons-annotations\5.1.2.Final\hibernate-commons-annotations-5.1.2.Final.jar;C:\Users\pokha\.m2\repository\org\glassfish\jaxb\jaxb-runtime\2.3.8\jaxb-runtime-2.3.8.jar;C:\Users\pokha\.m2\repository\org\glassfish\jaxb\txw2\2.3.8\txw2-2.3.8.jar;C:\Users\pokha\.m2\repository\com\sun\istack\istack-commons-runtime\3.0.12\istack-commons-runtime-3.0.
Launcher Type: SUN_STANDARD

[Global flags]
     intx CICompilerCount                          = 12                                        {product} {ergonomic}
     uint ConcGCThreads                            = 3                                         {product} {ergonomic}
     uint G1ConcRefinementThreads                  = 13                                        {product} {ergonomic}
   size_t G1HeapRegionSize                         = 1048576                                   {product} {ergonomic}
    uintx GCDrainStackTargetSize                   = 64                                        {product} {ergonomic}
   size_t InitialHeapSize                          = 260046848                                 {product} {ergonomic}
   size_t MarkStackSize                            = 4194304                                   {product} {ergonomic}
   size_t MaxHeapSize                              = 4135583744                                {product} {ergonomic}
   size_t MaxNewSize                               = 2480930816                                {product} {ergonomic}
   size_t MinHeapDeltaBytes                        = 1048576                                   {product} {ergonomic}
    uintx NonNMethodCodeHeapSize                   = 7594288                                {pd product} {ergonomic}
    uintx NonProfiledCodeHeapSize                  = 122031976                              {pd product} {ergonomic}
    uintx ProfiledCodeHeapSize                     = 122031976                              {pd product} {ergonomic}
    uintx ReservedCodeCacheSize                    = 251658240                              {pd product} {ergonomic}
     bool SegmentedCodeCache                       = true                                      {product} {ergonomic}
     bool UseCompressedClassPointers               = true                                 {lp64_product} {ergonomic}
     bool UseCompressedOops                        = true                                 {lp64_product} {ergonomic}
     bool UseG1GC                                  = true                                      {product} {ergonomic}
     bool UseLargePagesIndividualAllocation        = false                                  {pd product} {ergonomic}

Logging:
Log output configuration:
 #0: stdout all=warning uptime,level,tags
 #1: stderr all=off uptime,level,tags

Environment Variables:
JAVA_HOME=C:\Program Files\Amazon Corretto\jdk11.0.19_7
PATH=C:/Users/pokha/.p2/pool/plugins/org.eclipse.justj.openjdk.hotspot.jre.full.win32.x86_64_17.0.8.v20230831-1047/jre/bin/server;C:/Users/pokha/.p2/pool/plugins/org.eclipse.justj.openjdk.hotspot.jre.full.win32.x86_64_17.0.8.v20230831-1047/jre/bin;C:\Program Files\Amazon Corretto\jdk11.0.19_7\bin;C:\Windows\system32;C:\Windows;C:\Windows\System32\Wbem;C:\Windows\System32\WindowsPowerShell\v1.0\;C:\Windows\System32\OpenSSH\;C:\Program Files (x86)\NVIDIA Corporation\PhysX\Common;C:\Program Files\NVIDIA Corporation\NVIDIA NvDLISR;C:\WINDOWS\system32;C:\WINDOWS;C:\WINDOWS\System32\Wbem;C:\WINDOWS\System32\WindowsPowerShell\v1.0\;C:\WINDOWS\System32\OpenSSH\;C:\Program Files\Git\cmd;%maven_home%\bin;C:\Program Files (x86)\Nmap;C:\Users\pokha\AppData\Local\Microsoft\WindowsApps;C:\Users\pokha\AppData\Local\Google\Cloud SDK\google-cloud-sdk\bin;;C:\Users\pokha\AppData\Local\Programs\Microsoft VS Code\bin;C:\Program Files (x86)\Nmap;C:\WINDOWS\System32;
USERNAME=pokha
OS=Windows_NT
PROCESSOR_IDENTIFIER=AMD64 Family 25 Model 80 Stepping 0, AuthenticAMD
TMP=C:\Users\pokha\AppData\Local\Temp
TEMP=C:\Users\pokha\AppData\Local\Temp



---------------  S Y S T E M  ---------------

OS: Windows 11 , 64 bit Build 22621 (10.0.22621.2428)
OS uptime: 11 days 4:02 hours
Hyper-V role detected

CPU:total 16 (initial active 16) (16 cores per cpu, 2 threads per core) family 25 model 80 stepping 0 microcode 0x0, cmov, cx8, fxsr, mmx, sse, sse2, sse3, ssse3, sse4.1, sse4.2, popcnt, avx, avx2, aes, clmul, erms, mmxext, 3dnowpref, lzcnt, sse4a, ht, tsc, tscinvbit, tscinv, bmi1, bmi2, adx, sha, fma

Memory: 4k page, system-wide physical 15775M (7780M free)
TotalPageFile size 17502M (AvailPageFile size 3685M)
current process WorkingSet (physical memory assigned to process): 170M, peak: 231M
current process commit charge ("private bytes"): 379M, peak: 428M

vm_info: OpenJDK 64-Bit Server VM (11.0.19+7-LTS) for windows-amd64 JRE (11.0.19+7-LTS), built on Apr 13 2023 22:56:25 by "Administrator" with MS VC++ 15.9 (VS2017)

END.
